<?xml version="1.0" encoding="UTF-8"?>
<!-- Generated by org.testng.reporters.JUnitXMLReporter -->
<testsuite hostname="abraham-PC" name="Default test" tests="4" failures="0" timestamp="10 Aug 2019 11:11:55 GMT" time="41.381" errors="0">
  <testcase name="validateRegPage" time="29.973" classname="com.vcentry.tnstc.testcases.RegPageTest"/>
  <testcase name="validateRegPage" time="2.082" classname="com.vcentry.tnstc.testcases.RegPageTest"/>
  <testcase name="validateRegPage" time="1.981" classname="com.vcentry.tnstc.testcases.RegPageTest"/>
  <testcase name="validateRegPage" time="2.075" classname="com.vcentry.tnstc.testcases.RegPageTest"/>
</testsuite> <!-- Default test -->
